\BOOKMARK [0][-]{chapter.1}{Presentation of the project}{}% 1
\BOOKMARK [1][-]{section.1.1}{Context and scope of work}{chapter.1}% 2
\BOOKMARK [2][-]{subsection.1.1.1}{Context}{section.1.1}% 3
\BOOKMARK [2][-]{subsection.1.1.2}{Scope of work}{section.1.1}% 4
\BOOKMARK [1][-]{section.1.2}{Objectives }{chapter.1}% 5
\BOOKMARK [1][-]{section.1.3}{Deadlines}{chapter.1}% 6
\BOOKMARK [0][-]{chapter.2}{State of the art}{}% 7
\BOOKMARK [1][-]{section.2.1}{Facial Recognition}{chapter.2}% 8
\BOOKMARK [2][-]{subsection.2.1.1}{Facial recognition process}{section.2.1}% 9
\BOOKMARK [2][-]{subsection.2.1.2}{The methods used for face recognition}{section.2.1}% 10
\BOOKMARK [1][-]{section.2.2}{Eigenfaces}{chapter.2}% 11
\BOOKMARK [2][-]{subsection.2.2.1}{Presentation of Eigenfaces}{section.2.2}% 12
\BOOKMARK [2][-]{subsection.2.2.2}{Procedure}{section.2.2}% 13
\BOOKMARK [2][-]{subsection.2.2.3}{EigenFaces flowchart}{section.2.2}% 14
\BOOKMARK [2][-]{subsection.2.2.4}{Benefits and deficiencies}{section.2.2}% 15
\BOOKMARK [1][-]{section.2.3}{Fisherfaces}{chapter.2}% 16
\BOOKMARK [2][-]{subsection.2.3.1}{Linear Discriminant Analysis \(LDA\)}{section.2.3}% 17
\BOOKMARK [2][-]{subsection.2.3.2}{LDA for recognition}{section.2.3}% 18
\BOOKMARK [2][-]{subsection.2.3.3}{Fisherfaces flowchart }{section.2.3}% 19
\BOOKMARK [2][-]{subsection.2.3.4}{Benefits and deficiencies}{section.2.3}% 20
\BOOKMARK [0][-]{chapter.3}{Organization}{}% 21
\BOOKMARK [1][-]{section.3.1}{Project Management System}{chapter.3}% 22
\BOOKMARK [2][-]{subsection.3.1.1}{ Backlog}{section.3.1}% 23
\BOOKMARK [2][-]{subsection.3.1.2}{Trello}{section.3.1}% 24
\BOOKMARK [1][-]{section.3.2}{Team Project}{chapter.3}% 25
\BOOKMARK [0][-]{chapter.4}{Technical report}{}% 26
\BOOKMARK [1][-]{section.4.1}{Guide on Eigenface prototype}{chapter.4}% 27
\BOOKMARK [2][-]{subsection.4.1.1}{Learning phase}{section.4.1}% 28
\BOOKMARK [2][-]{subsection.4.1.2}{Identification phase}{section.4.1}% 29
\BOOKMARK [1][-]{section.4.2}{Guide on Fisherfaces prototype}{chapter.4}% 30
\BOOKMARK [2][-]{subsection.4.2.1}{Learning phase}{section.4.2}% 31
\BOOKMARK [2][-]{subsection.4.2.2}{Identification phase}{section.4.2}% 32
\BOOKMARK [0][-]{chapter.5}{Implementation}{}% 33
\BOOKMARK [1][-]{section.5.1}{Configuration Management Guide}{chapter.5}% 34
\BOOKMARK [1][-]{section.5.2}{Implementation results}{chapter.5}% 35
\BOOKMARK [1][-]{section.5.3}{Integration into Oriented Programming Language}{chapter.5}% 36
\BOOKMARK [1][-]{section.5.4}{Prospects}{chapter.5}% 37
\BOOKMARK [1][-]{section.5.5}{Difficulties faced and summary}{chapter.5}% 38
\BOOKMARK [2][-]{subsection.5.5.1}{Difficulties faced}{section.5.5}% 39
\BOOKMARK [2][-]{subsection.5.5.2}{Summary}{section.5.5}% 40
\BOOKMARK [1][-]{section.5.6}{Eigenfaces functions}{chapter.5}% 41
