This is pdfTeX, Version 3.1415926-2.5-1.40.14 (MiKTeX 2.9 64-bit) (preloaded format=pdflatex 2015.3.28)  8 JUN 2015 10:29
entering extended mode
**Rapport_ProjetM1.tex

("C:\Users\Guy Florent\Documents\GitHub\M1RTMAgroup2\Rapport_projetM1_latex\Rap
port_ProjetM1.tex"
LaTeX2e <2011/06/27>
Babel <v3.8m> and hyphenation patterns for english, afrikaans, ancientgreek, ar
abic, armenian, assamese, basque, bengali, bokmal, bulgarian, catalan, coptic, 
croatian, czech, danish, dutch, esperanto, estonian, farsi, finnish, french, ga
lician, german, german-x-2013-05-26, greek, gujarati, hindi, hungarian, iceland
ic, indonesian, interlingua, irish, italian, kannada, kurmanji, latin, latvian,
 lithuanian, malayalam, marathi, mongolian, mongolianlmc, monogreek, ngerman, n
german-x-2013-05-26, nynorsk, oriya, panjabi, pinyin, polish, portuguese, roman
ian, russian, sanskrit, serbian, slovak, slovenian, spanish, swedish, swissgerm
an, tamil, telugu, turkish, turkmen, ukenglish, ukrainian, uppersorbian, usengl
ishmax, welsh, loaded.
(D:\MiKTeK1\tex\latex\base\report.cls
Document Class: report 2007/10/19 v1.4h Standard LaTeX document class
(D:\MiKTeK1\tex\latex\base\size10.clo
File: size10.clo 2007/10/19 v1.4h Standard LaTeX file (size option)
)
\c@part=\count79
\c@chapter=\count80
\c@section=\count81
\c@subsection=\count82
\c@subsubsection=\count83
\c@paragraph=\count84
\c@subparagraph=\count85
\c@figure=\count86
\c@table=\count87
\abovecaptionskip=\skip41
\belowcaptionskip=\skip42
\bibindent=\dimen102
)
(D:\MiKTeK1\tex\latex\hyperref\hyperref.sty
Package: hyperref 2012/11/06 v6.83m Hypertext links for LaTeX

(D:\MiKTeK1\tex\generic\oberdiek\hobsub-hyperref.sty
Package: hobsub-hyperref 2012/04/25 v1.12 Bundle oberdiek, subset hyperref (HO)


(D:\MiKTeK1\tex\generic\oberdiek\hobsub-generic.sty
Package: hobsub-generic 2012/04/25 v1.12 Bundle oberdiek, subset generic (HO)
Package: hobsub 2012/04/25 v1.12 Construct package bundles (HO)
Package: infwarerr 2010/04/08 v1.3 Providing info/warning/error messages (HO)
Package: ltxcmds 2011/11/09 v1.22 LaTeX kernel commands for general use (HO)
Package: ifluatex 2010/03/01 v1.3 Provides the ifluatex switch (HO)
Package ifluatex Info: LuaTeX not detected.
Package: ifvtex 2010/03/01 v1.5 Detect VTeX and its facilities (HO)
Package ifvtex Info: VTeX not detected.
Package: intcalc 2007/09/27 v1.1 Expandable calculations with integers (HO)
Package: ifpdf 2011/01/30 v2.3 Provides the ifpdf switch (HO)
Package ifpdf Info: pdfTeX in PDF mode is detected.
Package: etexcmds 2011/02/16 v1.5 Avoid name clashes with e-TeX commands (HO)
Package etexcmds Info: Could not find \expanded.
(etexcmds)             That can mean that you are not using pdfTeX 1.50 or
(etexcmds)             that some package has redefined \expanded.
(etexcmds)             In the latter case, load this package earlier.
Package: kvsetkeys 2012/04/25 v1.16 Key value parser (HO)
Package: kvdefinekeys 2011/04/07 v1.3 Define keys (HO)
Package: pdftexcmds 2011/11/29 v0.20 Utility functions of pdfTeX for LuaTeX (HO
)
Package pdftexcmds Info: LuaTeX not detected.
Package pdftexcmds Info: \pdf@primitive is available.
Package pdftexcmds Info: \pdf@ifprimitive is available.
Package pdftexcmds Info: \pdfdraftmode found.
Package: pdfescape 2011/11/25 v1.13 Implements pdfTeX's escape features (HO)
Package: bigintcalc 2012/04/08 v1.3 Expandable calculations on big integers (HO
)
Package: bitset 2011/01/30 v1.1 Handle bit-vector datatype (HO)
Package: uniquecounter 2011/01/30 v1.2 Provide unlimited unique counter (HO)
)
Package hobsub Info: Skipping package `hobsub' (already loaded).
Package: letltxmacro 2010/09/02 v1.4 Let assignment for LaTeX macros (HO)
Package: hopatch 2011/06/24 v1.1 Wrapper for package hooks (HO)
Package: xcolor-patch 2011/01/30 xcolor patch
Package: atveryend 2011/06/30 v1.8 Hooks at the very end of document (HO)
Package atveryend Info: \enddocument detected (standard20110627).
Package: atbegshi 2011/10/05 v1.16 At begin shipout hook (HO)
Package: refcount 2011/10/16 v3.4 Data extraction from label references (HO)
Package: hycolor 2011/01/30 v1.7 Color options for hyperref/bookmark (HO)
)
(D:\MiKTeK1\tex\latex\graphics\keyval.sty
Package: keyval 1999/03/16 v1.13 key=value parser (DPC)
\KV@toks@=\toks14
)
(D:\MiKTeK1\tex\generic\ifxetex\ifxetex.sty
Package: ifxetex 2010/09/12 v0.6 Provides ifxetex conditional
)
(D:\MiKTeK1\tex\latex\oberdiek\auxhook.sty
Package: auxhook 2011/03/04 v1.3 Hooks for auxiliary files (HO)
)
(D:\MiKTeK1\tex\latex\oberdiek\kvoptions.sty
Package: kvoptions 2011/06/30 v3.11 Key value format for package options (HO)
)
\@linkdim=\dimen103
\Hy@linkcounter=\count88
\Hy@pagecounter=\count89

(D:\MiKTeK1\tex\latex\hyperref\pd1enc.def
File: pd1enc.def 2012/11/06 v6.83m Hyperref: PDFDocEncoding definition (HO)
)
\Hy@SavedSpaceFactor=\count90

(D:\MiKTeK1\tex\latex\00miktex\hyperref.cfg
File: hyperref.cfg 2002/06/06 v1.2 hyperref configuration of TeXLive
)
Package hyperref Info: Hyper figures OFF on input line 4443.
Package hyperref Info: Link nesting OFF on input line 4448.
Package hyperref Info: Hyper index ON on input line 4451.
Package hyperref Info: Plain pages OFF on input line 4458.
Package hyperref Info: Backreferencing OFF on input line 4463.
Package hyperref Info: Implicit mode ON; LaTeX internals redefined.
Package hyperref Info: Bookmarks ON on input line 4688.
\c@Hy@tempcnt=\count91
 (D:\MiKTeK1\tex\latex\url\url.sty
\Urlmuskip=\muskip10
Package: url 2013/09/16  ver 3.4  Verb mode for urls, etc.
)
LaTeX Info: Redefining \url on input line 5041.
\XeTeXLinkMargin=\dimen104
\Fld@menulength=\count92
\Field@Width=\dimen105
\Fld@charsize=\dimen106
Package hyperref Info: Hyper figures OFF on input line 6295.
Package hyperref Info: Link nesting OFF on input line 6300.
Package hyperref Info: Hyper index ON on input line 6303.
Package hyperref Info: backreferencing OFF on input line 6310.
Package hyperref Info: Link coloring OFF on input line 6315.
Package hyperref Info: Link coloring with OCG OFF on input line 6320.
Package hyperref Info: PDF/A mode OFF on input line 6325.
LaTeX Info: Redefining \ref on input line 6365.
LaTeX Info: Redefining \pageref on input line 6369.
\Hy@abspage=\count93
\c@Item=\count94
\c@Hfootnote=\count95
)

Package hyperref Message: Driver (autodetected): hpdftex.

(D:\MiKTeK1\tex\latex\hyperref\hpdftex.def
File: hpdftex.def 2012/11/06 v6.83m Hyperref driver for pdfTeX
\Fld@listcount=\count96
\c@bookmark@seq@number=\count97

(D:\MiKTeK1\tex\latex\oberdiek\rerunfilecheck.sty
Package: rerunfilecheck 2011/04/15 v1.7 Rerun checks for auxiliary files (HO)
Package uniquecounter Info: New unique counter `rerunfilecheck' on input line 2
82.
)
\Hy@SectionHShift=\skip43
)
(D:\MiKTeK1\tex\generic\babel\babel.sty
Package: babel 2008/07/08 v3.8m The Babel package

*************************************
* Local config file bblopts.cfg used
*
(D:\MiKTeK1\tex\latex\00miktex\bblopts.cfg
File: bblopts.cfg 2006/07/31 v1.0 MiKTeX 'babel' configuration
)
(D:\MiKTeK1\tex\generic\babel\frenchb.ldf
Language: frenchb 2009/03/16 v2.3d French support from the babel system

(D:\MiKTeK1\tex\generic\babel\babel.def
File: babel.def 2008/07/08 v3.8m Babel common definitions
\babel@savecnt=\count98
\U@D=\dimen107
)
Package babel Info: Making : an active character on input line 120.
Package babel Info: Making ; an active character on input line 121.
Package babel Info: Making ! an active character on input line 122.
Package babel Info: Making ? an active character on input line 123.
\FB@Mht=\dimen108
\std@mcc=\count99
\dec@mcc=\count100
\parindentFFN=\dimen109

*************************************
* Local config file frenchb.cfg used
*
(D:\MiKTeK1\tex\generic\babel\frenchb.cfg))
(D:\MiKTeK1\tex\generic\babel\english.ldf
Language: english 2005/03/30 v3.3o English support from the babel system
\l@canadian = a dialect from \language\l@american 
\l@australian = a dialect from \language\l@british 
\l@newzealand = a dialect from \language\l@british 
))
(D:\MiKTeK1\tex\latex\carlisle\scalefnt.sty)
(D:\MiKTeK1\tex\latex\minitoc\minitoc.sty
Package: minitoc 2008/07/16 v60 Package minitoc (JPFD)

(D:\MiKTeK1\tex\latex\minitoc\mtcmess.sty
Package: mtcmess 2006/03/14
)
Package minitoc Info: I0001
(minitoc)             *** minitoc package, version 60 ***.
\tf@mtc=\write3
\mtcindent=\skip44
\mtcskipamount=\skip45
Package minitoc Info: I0005
(minitoc)             compatible with hyperref.
Package minitoc Info: I0023
(minitoc)             part level macros available.
Package minitoc Info: I0003
(minitoc)             chapter level macros available.
\mtc@toks=\toks15
\mtc@strutbox=\box26
\mtc@hstrutbox=\box27
Package minitoc Info: I0002
(minitoc)             Autoconfiguration of extensions.

("C:\Users\Guy Florent\Documents\GitHub\M1RTMAgroup2\Rapport_projetM1_latex\Rap
port_ProjetM1.mtc0")
Package minitoc Info: I0012
(minitoc)             Long extensions (Unix-like) will be used.
Package minitoc Info: I0031
(minitoc)             ==> this version is configured for UNIX-like 
(minitoc)                 (long extensions) file names.
\c@mtc=\count101
\c@minitocdepth=\count102
\c@ptc=\count103
\c@parttocdepth=\count104
\ptcindent=\skip46
Package minitoc Info: I0010
(minitoc)             The english language is selected.
(minitoc)              on input line 4910.
 (D:\MiKTeK1\tex\latex\minitoc\english.mld
File: english.mld 2006/01/13
)
(D:\MiKTeK1\tex\latex\minitoc\english.mld
File: english.mld 2006/01/13
)
Package minitoc Info: I0010
(minitoc)             The francais language is selected.
(minitoc)              on input line 4911.

(D:\MiKTeK1\tex\latex\minitoc\francais.mld
File: francais.mld 2004/12/14
Package minitoc Info: I0010
(minitoc)             The french language is selected.
(minitoc)              on input line 32.

(D:\MiKTeK1\tex\latex\minitoc\french.mld
File: french.mld 2006/03/21
)))
(D:\MiKTeK1\tex\latex\base\fontenc.sty
Package: fontenc 2005/09/27 v1.99g Standard LaTeX package
 (D:\MiKTeK1\tex\latex\base\t1enc.def
File: t1enc.def 2005/09/27 v1.99g Standard LaTeX file
LaTeX Font Info:    Redeclaring font encoding T1 on input line 43.
))
(D:\MiKTeK1\tex\latex\base\inputenc.sty
Package: inputenc 2008/03/30 v1.1d Input encoding file
\inpenc@prehook=\toks16
\inpenc@posthook=\toks17
 (D:\MiKTeK1\tex\latex\base\utf8.def
File: utf8.def 2008/04/05 v1.1m UTF-8 support for inputenc
Now handling font encoding OML ...
... no UTF-8 mapping file for font encoding OML
Now handling font encoding T1 ...
... processing UTF-8 mapping file for font encoding T1

(D:\MiKTeK1\tex\latex\base\t1enc.dfu
File: t1enc.dfu 2008/04/05 v1.1m UTF-8 support for inputenc
   defining Unicode char U+00A1 (decimal 161)
   defining Unicode char U+00A3 (decimal 163)
   defining Unicode char U+00AB (decimal 171)
   defining Unicode char U+00BB (decimal 187)
   defining Unicode char U+00BF (decimal 191)
   defining Unicode char U+00C0 (decimal 192)
   defining Unicode char U+00C1 (decimal 193)
   defining Unicode char U+00C2 (decimal 194)
   defining Unicode char U+00C3 (decimal 195)
   defining Unicode char U+00C4 (decimal 196)
   defining Unicode char U+00C5 (decimal 197)
   defining Unicode char U+00C6 (decimal 198)
   defining Unicode char U+00C7 (decimal 199)
   defining Unicode char U+00C8 (decimal 200)
   defining Unicode char U+00C9 (decimal 201)
   defining Unicode char U+00CA (decimal 202)
   defining Unicode char U+00CB (decimal 203)
   defining Unicode char U+00CC (decimal 204)
   defining Unicode char U+00CD (decimal 205)
   defining Unicode char U+00CE (decimal 206)
   defining Unicode char U+00CF (decimal 207)
   defining Unicode char U+00D0 (decimal 208)
   defining Unicode char U+00D1 (decimal 209)
   defining Unicode char U+00D2 (decimal 210)
   defining Unicode char U+00D3 (decimal 211)
   defining Unicode char U+00D4 (decimal 212)
   defining Unicode char U+00D5 (decimal 213)
   defining Unicode char U+00D6 (decimal 214)
   defining Unicode char U+00D8 (decimal 216)
   defining Unicode char U+00D9 (decimal 217)
   defining Unicode char U+00DA (decimal 218)
   defining Unicode char U+00DB (decimal 219)
   defining Unicode char U+00DC (decimal 220)
   defining Unicode char U+00DD (decimal 221)
   defining Unicode char U+00DE (decimal 222)
   defining Unicode char U+00DF (decimal 223)
   defining Unicode char U+00E0 (decimal 224)
   defining Unicode char U+00E1 (decimal 225)
   defining Unicode char U+00E2 (decimal 226)
   defining Unicode char U+00E3 (decimal 227)
   defining Unicode char U+00E4 (decimal 228)
   defining Unicode char U+00E5 (decimal 229)
   defining Unicode char U+00E6 (decimal 230)
   defining Unicode char U+00E7 (decimal 231)
   defining Unicode char U+00E8 (decimal 232)
   defining Unicode char U+00E9 (decimal 233)
   defining Unicode char U+00EA (decimal 234)
   defining Unicode char U+00EB (decimal 235)
   defining Unicode char U+00EC (decimal 236)
   defining Unicode char U+00ED (decimal 237)
   defining Unicode char U+00EE (decimal 238)
   defining Unicode char U+00EF (decimal 239)
   defining Unicode char U+00F0 (decimal 240)
   defining Unicode char U+00F1 (decimal 241)
   defining Unicode char U+00F2 (decimal 242)
   defining Unicode char U+00F3 (decimal 243)
   defining Unicode char U+00F4 (decimal 244)
   defining Unicode char U+00F5 (decimal 245)
   defining Unicode char U+00F6 (decimal 246)
   defining Unicode char U+00F8 (decimal 248)
   defining Unicode char U+00F9 (decimal 249)
   defining Unicode char U+00FA (decimal 250)
   defining Unicode char U+00FB (decimal 251)
   defining Unicode char U+00FC (decimal 252)
   defining Unicode char U+00FD (decimal 253)
   defining Unicode char U+00FE (decimal 254)
   defining Unicode char U+00FF (decimal 255)
   defining Unicode char U+0102 (decimal 258)
   defining Unicode char U+0103 (decimal 259)
   defining Unicode char U+0104 (decimal 260)
   defining Unicode char U+0105 (decimal 261)
   defining Unicode char U+0106 (decimal 262)
   defining Unicode char U+0107 (decimal 263)
   defining Unicode char U+010C (decimal 268)
   defining Unicode char U+010D (decimal 269)
   defining Unicode char U+010E (decimal 270)
   defining Unicode char U+010F (decimal 271)
   defining Unicode char U+0110 (decimal 272)
   defining Unicode char U+0111 (decimal 273)
   defining Unicode char U+0118 (decimal 280)
   defining Unicode char U+0119 (decimal 281)
   defining Unicode char U+011A (decimal 282)
   defining Unicode char U+011B (decimal 283)
   defining Unicode char U+011E (decimal 286)
   defining Unicode char U+011F (decimal 287)
   defining Unicode char U+0130 (decimal 304)
   defining Unicode char U+0131 (decimal 305)
   defining Unicode char U+0132 (decimal 306)
   defining Unicode char U+0133 (decimal 307)
   defining Unicode char U+0139 (decimal 313)
   defining Unicode char U+013A (decimal 314)
   defining Unicode char U+013D (decimal 317)
   defining Unicode char U+013E (decimal 318)
   defining Unicode char U+0141 (decimal 321)
   defining Unicode char U+0142 (decimal 322)
   defining Unicode char U+0143 (decimal 323)
   defining Unicode char U+0144 (decimal 324)
   defining Unicode char U+0147 (decimal 327)
   defining Unicode char U+0148 (decimal 328)
   defining Unicode char U+014A (decimal 330)
   defining Unicode char U+014B (decimal 331)
   defining Unicode char U+0150 (decimal 336)
   defining Unicode char U+0151 (decimal 337)
   defining Unicode char U+0152 (decimal 338)
   defining Unicode char U+0153 (decimal 339)
   defining Unicode char U+0154 (decimal 340)
   defining Unicode char U+0155 (decimal 341)
   defining Unicode char U+0158 (decimal 344)
   defining Unicode char U+0159 (decimal 345)
   defining Unicode char U+015A (decimal 346)
   defining Unicode char U+015B (decimal 347)
   defining Unicode char U+015E (decimal 350)
   defining Unicode char U+015F (decimal 351)
   defining Unicode char U+0160 (decimal 352)
   defining Unicode char U+0161 (decimal 353)
   defining Unicode char U+0162 (decimal 354)
   defining Unicode char U+0163 (decimal 355)
   defining Unicode char U+0164 (decimal 356)
   defining Unicode char U+0165 (decimal 357)
   defining Unicode char U+016E (decimal 366)
   defining Unicode char U+016F (decimal 367)
   defining Unicode char U+0170 (decimal 368)
   defining Unicode char U+0171 (decimal 369)
   defining Unicode char U+0178 (decimal 376)
   defining Unicode char U+0179 (decimal 377)
   defining Unicode char U+017A (decimal 378)
   defining Unicode char U+017B (decimal 379)
   defining Unicode char U+017C (decimal 380)
   defining Unicode char U+017D (decimal 381)
   defining Unicode char U+017E (decimal 382)
   defining Unicode char U+200C (decimal 8204)
   defining Unicode char U+2013 (decimal 8211)
   defining Unicode char U+2014 (decimal 8212)
   defining Unicode char U+2018 (decimal 8216)
   defining Unicode char U+2019 (decimal 8217)
   defining Unicode char U+201A (decimal 8218)
   defining Unicode char U+201C (decimal 8220)
   defining Unicode char U+201D (decimal 8221)
   defining Unicode char U+201E (decimal 8222)
   defining Unicode char U+2030 (decimal 8240)
   defining Unicode char U+2031 (decimal 8241)
   defining Unicode char U+2039 (decimal 8249)
   defining Unicode char U+203A (decimal 8250)
   defining Unicode char U+2423 (decimal 9251)
)
Now handling font encoding OT1 ...
... processing UTF-8 mapping file for font encoding OT1
 (D:\MiKTeK1\tex\latex\base\ot1enc.dfu
File: ot1enc.dfu 2008/04/05 v1.1m UTF-8 support for inputenc
   defining Unicode char U+00A1 (decimal 161)
   defining Unicode char U+00A3 (decimal 163)
   defining Unicode char U+00B8 (decimal 184)
   defining Unicode char U+00BF (decimal 191)
   defining Unicode char U+00C5 (decimal 197)
   defining Unicode char U+00C6 (decimal 198)
   defining Unicode char U+00D8 (decimal 216)
   defining Unicode char U+00DF (decimal 223)
   defining Unicode char U+00E6 (decimal 230)
   defining Unicode char U+00EC (decimal 236)
   defining Unicode char U+00ED (decimal 237)
   defining Unicode char U+00EE (decimal 238)
   defining Unicode char U+00EF (decimal 239)
   defining Unicode char U+00F8 (decimal 248)
   defining Unicode char U+0131 (decimal 305)
   defining Unicode char U+0141 (decimal 321)
   defining Unicode char U+0142 (decimal 322)
   defining Unicode char U+0152 (decimal 338)
   defining Unicode char U+0153 (decimal 339)
   defining Unicode char U+2013 (decimal 8211)
   defining Unicode char U+2014 (decimal 8212)
   defining Unicode char U+2018 (decimal 8216)
   defining Unicode char U+2019 (decimal 8217)
   defining Unicode char U+201C (decimal 8220)
   defining Unicode char U+201D (decimal 8221)
)
Now handling font encoding OMS ...
... processing UTF-8 mapping file for font encoding OMS

(D:\MiKTeK1\tex\latex\base\omsenc.dfu
File: omsenc.dfu 2008/04/05 v1.1m UTF-8 support for inputenc
   defining Unicode char U+00A7 (decimal 167)
   defining Unicode char U+00B6 (decimal 182)
   defining Unicode char U+00B7 (decimal 183)
   defining Unicode char U+2020 (decimal 8224)
   defining Unicode char U+2021 (decimal 8225)
   defining Unicode char U+2022 (decimal 8226)
)
Now handling font encoding OMX ...
... no UTF-8 mapping file for font encoding OMX
Now handling font encoding U ...
... no UTF-8 mapping file for font encoding U
Now handling font encoding PD1 ...
... no UTF-8 mapping file for font encoding PD1
   defining Unicode char U+00A9 (decimal 169)
   defining Unicode char U+00AA (decimal 170)
   defining Unicode char U+00AE (decimal 174)
   defining Unicode char U+00BA (decimal 186)
   defining Unicode char U+02C6 (decimal 710)
   defining Unicode char U+02DC (decimal 732)
   defining Unicode char U+200C (decimal 8204)
   defining Unicode char U+2026 (decimal 8230)
   defining Unicode char U+2122 (decimal 8482)
   defining Unicode char U+2423 (decimal 9251)
))
(D:\MiKTeK1\tex\latex\tools\verbatim.sty
Package: verbatim 2003/08/22 v1.5q LaTeX2e package for verbatim enhancements
\every@verbatim=\toks18
\verbatim@line=\toks19
\verbatim@in@stream=\read1
)
(D:\MiKTeK1\tex\latex\ltxmisc\parskip.sty
Package: parskip 2001/04/09 non-zero parskip adjustments
)
(D:\MiKTeK1\tex\latex\framed\framed.sty
Package: framed 2011/10/22 v 0.96: framed or shaded text with page breaks
\OuterFrameSep=\skip47
\fb@frw=\dimen110
\fb@frh=\dimen111
\FrameRule=\dimen112
\FrameSep=\dimen113
)
(D:\MiKTeK1\tex\latex\amsfonts\amssymb.sty
Package: amssymb 2013/01/14 v3.01 AMS font symbols

(D:\MiKTeK1\tex\latex\amsfonts\amsfonts.sty
Package: amsfonts 2013/01/14 v3.01 Basic AMSFonts support
\@emptytoks=\toks20
\symAMSa=\mathgroup4
\symAMSb=\mathgroup5
LaTeX Font Info:    Overwriting math alphabet `\mathfrak' in version `bold'
(Font)                  U/euf/m/n --> U/euf/b/n on input line 106.
))
(D:\MiKTeK1\tex\latex\amsmath\amsmath.sty
Package: amsmath 2013/01/14 v2.14 AMS math features
\@mathmargin=\skip48

For additional information on amsmath, use the `?' option.
(D:\MiKTeK1\tex\latex\amsmath\amstext.sty
Package: amstext 2000/06/29 v2.01

(D:\MiKTeK1\tex\latex\amsmath\amsgen.sty
File: amsgen.sty 1999/11/30 v2.0
\@emptytoks=\toks21
\ex@=\dimen114
))
(D:\MiKTeK1\tex\latex\amsmath\amsbsy.sty
Package: amsbsy 1999/11/29 v1.2d
\pmbraise@=\dimen115
)
(D:\MiKTeK1\tex\latex\amsmath\amsopn.sty
Package: amsopn 1999/12/14 v2.01 operator names
)
\inf@bad=\count105
LaTeX Info: Redefining \frac on input line 210.
\uproot@=\count106
\leftroot@=\count107
LaTeX Info: Redefining \overline on input line 306.
\classnum@=\count108
\DOTSCASE@=\count109
LaTeX Info: Redefining \ldots on input line 378.
LaTeX Info: Redefining \dots on input line 381.
LaTeX Info: Redefining \cdots on input line 466.
\Mathstrutbox@=\box28
\strutbox@=\box29
\big@size=\dimen116
LaTeX Font Info:    Redeclaring font encoding OML on input line 566.
LaTeX Font Info:    Redeclaring font encoding OMS on input line 567.
\macc@depth=\count110
\c@MaxMatrixCols=\count111
\dotsspace@=\muskip11
\c@parentequation=\count112
\dspbrk@lvl=\count113
\tag@help=\toks22
\row@=\count114
\column@=\count115
\maxfields@=\count116
\andhelp@=\toks23
\eqnshift@=\dimen117
\alignsep@=\dimen118
\tagshift@=\dimen119
\tagwidth@=\dimen120
\totwidth@=\dimen121
\lineht@=\dimen122
\@envbody=\toks24
\multlinegap=\skip49
\multlinetaggap=\skip50
\mathdisplay@stack=\toks25
LaTeX Info: Redefining \[ on input line 2665.
LaTeX Info: Redefining \] on input line 2666.
)
(D:\MiKTeK1\tex\latex\jknappen\mathrsfs.sty
Package: mathrsfs 1996/01/01 Math RSFS package v1.0 (jk)
\symrsfs=\mathgroup6
)
(D:\MiKTeK1\tex\latex\mh\mathtools.sty
Package: mathtools 2013/02/12 v1.13 mathematical typesetting tools
 (D:\MiKTeK1\tex\latex\tools\calc.sty
Package: calc 2007/08/22 v4.3 Infix arithmetic (KKT,FJ)
\calc@Acount=\count117
\calc@Bcount=\count118
\calc@Adimen=\dimen123
\calc@Bdimen=\dimen124
\calc@Askip=\skip51
\calc@Bskip=\skip52
LaTeX Info: Redefining \setlength on input line 76.
LaTeX Info: Redefining \addtolength on input line 77.
\calc@Ccount=\count119
\calc@Cskip=\skip53
)
(D:\MiKTeK1\tex\latex\mh\mhsetup.sty
Package: mhsetup 2010/01/21 v1.2a programming setup (MH)
)
LaTeX Info: Thecontrolsequence`\['isalreadyrobust on input line 129.
LaTeX Info: Thecontrolsequence`\]'isalreadyrobust on input line 129.
\g_MT_multlinerow_int=\count120
\l_MT_multwidth_dim=\dimen125
\origjot=\skip54
\l_MT_shortvdotswithinadjustabove_dim=\dimen126
\l_MT_shortvdotswithinadjustbelow_dim=\dimen127
\l_MT_above_intertext_sep=\dimen128
\l_MT_below_intertext_sep=\dimen129
\l_MT_above_shortintertext_sep=\dimen130
\l_MT_below_shortintertext_sep=\dimen131
) (D:\MiKTeK1\tex\latex\graphics\color.sty
Package: color 2005/11/14 v1.0j Standard LaTeX Color (DPC)
(D:\MiKTeK1\tex\latex\00miktex\color.cfg
File: color.cfg 2007/01/18 v1.5 color configuration of teTeX/TeXLive
)
Package color Info: Driver file: pdftex.def on input line 130.

(D:\MiKTeK1\tex\latex\pdftex-def\pdftex.def
File: pdftex.def 2011/05/27 v0.06d Graphics/color for pdfTeX
\Gread@gobject=\count121
))
(D:\MiKTeK1\tex\latex\graphics\graphicx.sty
Package: graphicx 1999/02/16 v1.0f Enhanced LaTeX Graphics (DPC,SPQR)

(D:\MiKTeK1\tex\latex\graphics\graphics.sty
Package: graphics 2009/02/05 v1.0o Standard LaTeX Graphics (DPC,SPQR)

(D:\MiKTeK1\tex\latex\graphics\trig.sty
Package: trig 1999/03/16 v1.09 sin cos tan (DPC)
)
(D:\MiKTeK1\tex\latex\00miktex\graphics.cfg
File: graphics.cfg 2007/01/18 v1.5 graphics configuration of teTeX/TeXLive
)
Package graphics Info: Driver file: pdftex.def on input line 91.
)
\Gin@req@height=\dimen132
\Gin@req@width=\dimen133
)
(D:\MiKTeK1\tex\latex\geometry\geometry.sty
Package: geometry 2010/09/12 v5.6 Page Geometry
\Gm@cnth=\count122
\Gm@cntv=\count123
\c@Gm@tempcnt=\count124
\Gm@bindingoffset=\dimen134
\Gm@wd@mp=\dimen135
\Gm@odd@mp=\dimen136
\Gm@even@mp=\dimen137
\Gm@layoutwidth=\dimen138
\Gm@layoutheight=\dimen139
\Gm@layouthoffset=\dimen140
\Gm@layoutvoffset=\dimen141
\Gm@dimlist=\toks26

(D:\MiKTeK1\tex\latex\geometry\geometry.cfg))
(D:\MiKTeK1\tex\latex\tocbibind\tocbibind.sty
Package: tocbibind 2010/10/13 v1.5k extra ToC listings
Package tocbibind Info: The document has chapter divisions on input line 50.


Package tocbibind Note: Using chapter style headings, unless overridden.

) (D:\MiKTeK1\tex\latex\natbib\natbib.sty
Package: natbib 2010/09/13 8.31b (PWD, AO)
\bibhang=\skip55
\bibsep=\skip56
LaTeX Info: Redefining \cite on input line 694.
\c@NAT@ctr=\count125
)
(D:\MiKTeK1\tex\latex\ms\ragged2e.sty
Package: ragged2e 2009/05/21 v2.1 ragged2e Package (MS)
 (D:\MiKTeK1\tex\latex\ms\everysel.sty
Package: everysel 2011/10/28 v1.2 EverySelectfont Package (MS)
)
\CenteringLeftskip=\skip57
\RaggedLeftLeftskip=\skip58
\RaggedRightLeftskip=\skip59
\CenteringRightskip=\skip60
\RaggedLeftRightskip=\skip61
\RaggedRightRightskip=\skip62
\CenteringParfillskip=\skip63
\RaggedLeftParfillskip=\skip64
\RaggedRightParfillskip=\skip65
\JustifyingParfillskip=\skip66
\CenteringParindent=\skip67
\RaggedLeftParindent=\skip68
\RaggedRightParindent=\skip69
\JustifyingParindent=\skip70
)
("C:\Users\Guy Florent\Documents\GitHub\M1RTMAgroup2\Rapport_projetM1_latex\Rap
port_ProjetM1.aux"
("C:\Users\Guy Florent\Documents\GitHub\M1RTMAgroup2\Rapport_projetM1_latex\Rti
tle.aux")
("C:\Users\Guy Florent\Documents\GitHub\M1RTMAgroup2\Rapport_projetM1_latex\Rin
troduction.aux")
("C:\Users\Guy Florent\Documents\GitHub\M1RTMAgroup2\Rapport_projetM1_latex\Par
tie1.aux")
("C:\Users\Guy Florent\Documents\GitHub\M1RTMAgroup2\Rapport_projetM1_latex\Par
tie2.aux")
("C:\Users\Guy Florent\Documents\GitHub\M1RTMAgroup2\Rapport_projetM1_latex\Par
tie3.aux")
("C:\Users\Guy Florent\Documents\GitHub\M1RTMAgroup2\Rapport_projetM1_latex\Par
tie4.aux"

LaTeX Warning: Label `centrage' multiply defined.

)
("C:\Users\Guy Florent\Documents\GitHub\M1RTMAgroup2\Rapport_projetM1_latex\Par
tie5.aux"))
LaTeX Font Info:    Checking defaults for OML/cmm/m/it on input line 110.
LaTeX Font Info:    ... okay on input line 110.
LaTeX Font Info:    Checking defaults for T1/cmr/m/n on input line 110.
LaTeX Font Info:    ... okay on input line 110.
LaTeX Font Info:    Checking defaults for OT1/cmr/m/n on input line 110.
LaTeX Font Info:    ... okay on input line 110.
LaTeX Font Info:    Checking defaults for OMS/cmsy/m/n on input line 110.
LaTeX Font Info:    ... okay on input line 110.
LaTeX Font Info:    Checking defaults for OMX/cmex/m/n on input line 110.
LaTeX Font Info:    ... okay on input line 110.
LaTeX Font Info:    Checking defaults for U/cmr/m/n on input line 110.
LaTeX Font Info:    ... okay on input line 110.
LaTeX Font Info:    Checking defaults for PD1/pdf/m/n on input line 110.
LaTeX Font Info:    ... okay on input line 110.
\AtBeginShipoutBox=\box30
Package hyperref Info: Link coloring OFF on input line 110.
 (D:\MiKTeK1\tex\latex\hyperref\nameref.sty
Package: nameref 2012/10/27 v2.43 Cross-referencing by name of section

(D:\MiKTeK1\tex\generic\oberdiek\gettitlestring.sty
Package: gettitlestring 2010/12/03 v1.4 Cleanup title references (HO)
)
\c@section@level=\count126
)
LaTeX Info: Redefining \ref on input line 110.
LaTeX Info: Redefining \pageref on input line 110.
LaTeX Info: Redefining \nameref on input line 110.

("C:\Users\Guy Florent\Documents\GitHub\M1RTMAgroup2\Rapport_projetM1_latex\Rap
port_ProjetM1.out")
("C:\Users\Guy Florent\Documents\GitHub\M1RTMAgroup2\Rapport_projetM1_latex\Rap
port_ProjetM1.out")
\@outlinefile=\write4
LaTeX Info: Redefining \degres on input line 110.
LaTeX Info: Redefining \dots on input line 110.
LaTeX Info: Redefining \up on input line 110.
 (D:\MiKTeK1\tex\context\base\supp-pdf.mkii
[Loading MPS to PDF converter (version 2006.09.02).]
\scratchcounter=\count127
\scratchdimen=\dimen142
\scratchbox=\box31
\nofMPsegments=\count128
\nofMParguments=\count129
\everyMPshowfont=\toks27
\MPscratchCnt=\count130
\MPscratchDim=\dimen143
\MPnumerator=\count131
\makeMPintoPDFobject=\count132
\everyMPtoPDFconversion=\toks28
)
*geometry* driver: auto-detecting
*geometry* detected driver: pdftex
*geometry* verbose mode - [ preamble ] result:
* driver: pdftex
* paper: <default>
* layout: <same size as paper>
* layoutoffset:(h,v)=(0.0pt,0.0pt)
* modes: 
* h-part:(L,W,R)=(113.81102pt, 386.67296pt, 113.81102pt)
* v-part:(T,H,B)=(56.9055pt, 681.15898pt, 56.9055pt)
* \paperwidth=614.295pt
* \paperheight=794.96999pt
* \textwidth=386.67296pt
* \textheight=681.15898pt
* \oddsidemargin=41.54103pt
* \evensidemargin=41.54103pt
* \topmargin=-52.36449pt
* \headheight=12.0pt
* \headsep=25.0pt
* \topskip=10.0pt
* \footskip=30.0pt
* \marginparwidth=65.0pt
* \marginparsep=11.0pt
* \columnsep=10.0pt
* \skip\footins=9.0pt plus 4.0pt minus 2.0pt
* \hoffset=0.0pt
* \voffset=0.0pt
* \mag=1000
* \@twocolumnfalse
* \@twosidefalse
* \@mparswitchfalse
* \@reversemarginfalse
* (1in=72.27pt=25.4mm, 1cm=28.453pt)

ABD: EverySelectfont initializing macros
LaTeX Info: Redefining \selectfont on input line 110.
Package minitoc Info: I0024
(minitoc)             PREPARING MINITOCS FROM Rapport_ProjetM1.toc on input lin
e 114.

{\reset@font\mtcPfont\mtc@string\contentsline{paragraph}{\noexpand \leavevmode 
}{\reset@font\mtcPfont i}{section*.1}}
{\reset@font\mtcPfont\mtc@string\contentsline{paragraph}{\noexpand \leavevmode 
}{\reset@font\mtcPfont 2}{section*.4}}
{\reset@font\mtcPfont\mtc@string\contentsline{paragraph}{\noexpand \leavevmode 
}{\reset@font\mtcPfont 2}{section*.5}}
{\reset@font\mtcPfont\mtc@string\contentsline{paragraph}{\noexpand \leavevmode 
}{\reset@font\mtcPfont 2}{section*.6}}
Package minitoc Info: I0033
(minitoc)             Writing Rapport_ProjetM1.mtc1.
Package minitoc Info: I0033
(minitoc)             Writing Rapport_ProjetM1.mtc2.
Package minitoc Info: I0033
(minitoc)             Writing Rapport_ProjetM1.mtc3.
Package minitoc Info: I0033
(minitoc)             Writing Rapport_ProjetM1.mtc4.
Package minitoc Info: I0033
(minitoc)             Writing Rapport_ProjetM1.mtc5.

("C:\Users\Guy Florent\Documents\GitHub\M1RTMAgroup2\Rapport_projetM1_latex\Rti
tle.tex" <logo.jpg, id=123, 225.84375pt x 137.7647pt>
File: logo.jpg Graphic file (type jpg)
 <use logo.jpg>
Package pdftex.def Info: logo.jpg used on input line 8.
(pdftex.def)             Requested size: 85.35973pt x 85.36066pt.

<logo_sfa.jpg, id=124, 75.28125pt x 113.67468pt>
File: logo_sfa.jpg Graphic file (type jpg)
 <use logo_sfa.jpg>
Package pdftex.def Info: logo_sfa.jpg used on input line 17.
(pdftex.def)             Requested size: 56.90762pt x 113.81314pt.
LaTeX Font Info:    Try loading font information for T1+cmtt on input line 32.

(D:\MiKTeK1\tex\latex\base\t1cmtt.fd
File: t1cmtt.fd 1999/05/25 v2.5h Standard LaTeX font definitions
)
LaTeX Font Info:    Try loading font information for T1+pnc on input line 43.
 (D:\MiKTeK1\tex\latex\psnfss\t1pnc.fd
File: t1pnc.fd 2001/06/04 font definitions for T1/pnc.
)
LaTeX Font Info:    Font shape `T1/pnc/bx/it' in size <10> not available
(Font)              Font shape `T1/pnc/b/it' tried instead on input line 43.
LaTeX Font Info:    Font shape `T1/pnc/bx/it' in size <14.4> not available
(Font)              Font shape `T1/pnc/b/it' tried instead on input line 43.

Overfull \hbox (41.60612pt too wide) in paragraph at lines 43--45
 [] 
 []

LaTeX Font Info:    Try loading font information for U+msa on input line 71.
(D:\MiKTeK1\tex\latex\amsfonts\umsa.fd
File: umsa.fd 2013/01/14 v3.01 AMS symbols A
)
LaTeX Font Info:    Try loading font information for U+msb on input line 71.
 (D:\MiKTeK1\tex\latex\amsfonts\umsb.fd
File: umsb.fd 2013/01/14 v3.01 AMS symbols B
)
LaTeX Font Info:    Try loading font information for U+rsfs on input line 71.
(D:\MiKTeK1\tex\latex\jknappen\ursfs.fd
File: ursfs.fd 1998/03/24 rsfs font definition file (jk)
) [1


{C:/ProgramData/MiKTeX/2.9/pdftex/config/pdftex.map} <C:/Users/Guy Florent/Docu
ments/GitHub/M1RTMAgroup2/Rapport_projetM1_latex/logo.jpg> <C:/Users/Guy Floren
t/Documents/GitHub/M1RTMAgroup2/Rapport_projetM1_latex/logo_sfa.jpg>])pdfTeX wa
rning (ext4): destination with the same identifier (name{page.i}) has been alre
ady used, duplicate ignored
<to be read again> 
                   \relax 
l.135 	\tableofcontents
                        %Insertion de lignes de pointillés avec dotfill
[1

]
("C:\Users\Guy Florent\Documents\GitHub\M1RTMAgroup2\Rapport_projetM1_latex\Rap
port_ProjetM1.toc")
\tf@toc=\write5
 [1

]
("C:\Users\Guy Florent\Documents\GitHub\M1RTMAgroup2\Rapport_projetM1_latex\Rin
troduction.tex") [2


]
("C:\Users\Guy Florent\Documents\GitHub\M1RTMAgroup2\Rapport_projetM1_latex\Par
tie1.tex"
Chapter 1.
) [3



]
("C:\Users\Guy Florent\Documents\GitHub\M1RTMAgroup2\Rapport_projetM1_latex\Par
tie2.tex"
Chapter 2.
<fr_process.jpg, id=192, 356.0803pt x 313.17pt>
File: fr_process.jpg Graphic file (type jpg)
 <use fr_process.jpg>
Package pdftex.def Info: fr_process.jpg used on input line 15.
(pdftex.def)             Requested size: 267.05957pt x 234.8769pt.
 [4



 <C:/Users/Guy Florent/Documents/GitHub/M1RTMAgroup2/Rapport_projetM1_latex/fr_
process.jpg>]
LaTeX Font Info:    Try loading font information for OMS+cmr on input line 24.
 (D:\MiKTeK1\tex\latex\base\omscmr.fd
File: omscmr.fd 1999/05/25 v2.5h Standard LaTeX font definitions
)
LaTeX Font Info:    Font shape `OMS/cmr/m/n' in size <10> not available
(Font)              Font shape `OMS/cmsy/m/n' tried instead on input line 24.
 [5] [6]
<ef_learningphase.jpg, id=215, 154.32657pt x 482.55281pt>
File: ef_learningphase.jpg Graphic file (type jpg)

<use ef_learningphase.jpg>
Package pdftex.def Info: ef_learningphase.jpg used on input line 122.
(pdftex.def)             Requested size: 131.17818pt x 410.17181pt.
 <ef_idphase.jpg, id=216, 350.81062pt x 445.665pt>
File: ef_idphase.jpg Graphic file (type jpg)

<use ef_idphase.jpg>
Package pdftex.def Info: ef_idphase.jpg used on input line 132.
(pdftex.def)             Requested size: 298.19043pt x 378.81703pt.
 [7 <C:/Users/Guy Florent/Documents/GitHub/M1RTMAgroup2/Rapport_projetM1_latex/
ef_learningphase.jpg>] [8 <C:/Users/Guy Florent/Documents/GitHub/M1RTMAgroup2/R
apport_projetM1_latex/ef_idphase.jpg>] [9]
<learningPhaseGM.jpg, id=235, 457.71pt x 240.9pt>
File: learningPhaseGM.jpg Graphic file (type jpg)
 <use learningPhaseGM.jpg>
Package pdftex.def Info: learningPhaseGM.jpg used on input line 192.
(pdftex.def)             Requested size: 343.28166pt x 180.67455pt.

<TestphaseGM.jpg, id=236, 456.20438pt x 228.855pt>
File: TestphaseGM.jpg Graphic file (type jpg)
 <use TestphaseGM.jpg>
Package pdftex.def Info: TestphaseGM.jpg used on input line 204.
(pdftex.def)             Requested size: 342.15244pt x 171.64082pt.

[10

 <C:/Users/Guy Florent/Documents/GitHub/M1RTMAgroup2/Rapport_projetM1_latex/lea
rningPhaseGM.jpg> <C:/Users/Guy Florent/Documents/GitHub/M1RTMAgroup2/Rapport_p
rojetM1_latex/TestphaseGM.jpg>]
<test_learn.jpg, id=244, 341.02406pt x 463.7325pt>
File: test_learn.jpg Graphic file (type jpg)
 <use test_learn.jpg>
Package pdftex.def Info: test_learn.jpg used on input line 214.
(pdftex.def)             Requested size: 289.87181pt x 394.17447pt.
)
[11 <C:/Users/Guy Florent/Documents/GitHub/M1RTMAgroup2/Rapport_projetM1_latex/
test_learn.jpg>]
("C:\Users\Guy Florent\Documents\GitHub\M1RTMAgroup2\Rapport_projetM1_latex\Par
tie3.tex"
Chapter 3.
) [12



]
("C:\Users\Guy Florent\Documents\GitHub\M1RTMAgroup2\Rapport_projetM1_latex\Par
tie4.tex"
Chapter 4.
<matrice2vector.jpg, id=261, 277.035pt x 80.55093pt>
File: matrice2vector.jpg Graphic file (type jpg)
 <use matrice2vector.jpg>
Package pdftex.def Info: matrice2vector.jpg used on input line 29.
(pdftex.def)             Requested size: 207.77573pt x 60.41304pt.

Overfull \hbox (7.74323pt too wide) detected at line 46
\OML/cmm/m/it/10 A \OT1/cmr/m/n/10 = []
 []

<grandematrice.jpg, id=262, 203.25937pt x 78.2925pt>
File: grandematrice.jpg Graphic file (type jpg)
 <use grandematrice.jpg>
Package pdftex.def Info: grandematrice.jpg used on input line 53.
(pdftex.def)             Requested size: 152.44414pt x 58.71922pt.

[13



 <C:/Users/Guy Florent/Documents/GitHub/M1RTMAgroup2/Rapport_projetM1_latex/mat
rice2vector.jpg> <C:/Users/Guy Florent/Documents/GitHub/M1RTMAgroup2/Rapport_pr
ojetM1_latex/grandematrice.jpg>]
<moyenne.jpg, id=273, 106.14656pt x 59.47218pt>
File: moyenne.jpg Graphic file (type jpg)
 <use moyenne.jpg>
Package pdftex.def Info: moyenne.jpg used on input line 64.
(pdftex.def)             Requested size: 79.60973pt x 44.60402pt.

<centrage.jpg, id=274, 83.5622pt x 39.89906pt>
File: centrage.jpg Graphic file (type jpg)
 <use centrage.jpg>
Package pdftex.def Info: centrage.jpg used on input line 73.
(pdftex.def)             Requested size: 62.67148pt x 29.9242pt.

<cov_matrix.jpg, id=275, 336.50719pt x 67.75313pt>
File: cov_matrix.jpg Graphic file (type jpg)
 <use cov_matrix.jpg>
Package pdftex.def Info: cov_matrix.jpg used on input line 82.
(pdftex.def)             Requested size: 252.37976pt x 50.8147pt.
)
[14 <C:/Users/Guy Florent/Documents/GitHub/M1RTMAgroup2/Rapport_projetM1_latex/
moyenne.jpg> <C:/Users/Guy Florent/Documents/GitHub/M1RTMAgroup2/Rapport_projet
M1_latex/centrage.jpg> <C:/Users/Guy Florent/Documents/GitHub/M1RTMAgroup2/Rapp
ort_projetM1_latex/cov_matrix.jpg>]
("C:\Users\Guy Florent\Documents\GitHub\M1RTMAgroup2\Rapport_projetM1_latex\Par
tie5.tex"
Chapter 5.
[15



]) [16]
No file Rapport_ProjetM1.bbl.
Package minitoc Info: I0009
(minitoc)             Listing minitoc auxiliary files. 
(minitoc)             Creating the Rapport_ProjetM1.maf file.
Package atveryend Info: Empty hook `BeforeClearDocument' on input line 176.
Package atveryend Info: Empty hook `AfterLastShipout' on input line 176.

("C:\Users\Guy Florent\Documents\GitHub\M1RTMAgroup2\Rapport_projetM1_latex\Rap
port_ProjetM1.aux"
("C:\Users\Guy Florent\Documents\GitHub\M1RTMAgroup2\Rapport_projetM1_latex\Rti
tle.aux")
("C:\Users\Guy Florent\Documents\GitHub\M1RTMAgroup2\Rapport_projetM1_latex\Rin
troduction.aux")
("C:\Users\Guy Florent\Documents\GitHub\M1RTMAgroup2\Rapport_projetM1_latex\Par
tie1.aux")
("C:\Users\Guy Florent\Documents\GitHub\M1RTMAgroup2\Rapport_projetM1_latex\Par
tie2.aux")
("C:\Users\Guy Florent\Documents\GitHub\M1RTMAgroup2\Rapport_projetM1_latex\Par
tie3.aux")
("C:\Users\Guy Florent\Documents\GitHub\M1RTMAgroup2\Rapport_projetM1_latex\Par
tie4.aux")
("C:\Users\Guy Florent\Documents\GitHub\M1RTMAgroup2\Rapport_projetM1_latex\Par
tie5.aux"))
Package atveryend Info: Executing hook `AtVeryEndDocument' on input line 176.
Package atveryend Info: Executing hook `AtEndAfterFileList' on input line 176.
Package rerunfilecheck Info: File `Rapport_ProjetM1.out' has not changed.
(rerunfilecheck)             Checksum: 0F63EF8D40D444FF63D5F48F1EDB0D1B;2056.


LaTeX Warning: There were multiply-defined labels.

Package atveryend Info: Empty hook `AtVeryVeryEnd' on input line 176.
 ) 
Here is how much of TeX's memory you used:
 10235 strings out of 493921
 145905 string characters out of 3154081
 261448 words of memory out of 3000000
 12999 multiletter control sequences out of 15000+200000
 20278 words of font info for 42 fonts, out of 3000000 for 9000
 850 hyphenation exceptions out of 8191
 29i,10n,30p,808b,433s stack positions out of 5000i,500n,10000p,200000b,50000s
{D:/MiKTeK1/fonts/enc/dvips/cm-super/cm-super-t1.enc}{D:/MiKTeK1/fonts/enc/dv
ips/fontname/8r.enc}<D:/MiKTeK1/fonts/type1/public/amsfonts/cm/cmex10.pfb><D:/M
iKTeK1/fonts/type1/public/amsfonts/cm/cmmi10.pfb><D:/MiKTeK1/fonts/type1/public
/amsfonts/cm/cmmi7.pfb><D:/MiKTeK1/fonts/type1/public/amsfonts/cm/cmr10.pfb><D:
/MiKTeK1/fonts/type1/public/amsfonts/cm/cmr7.pfb><D:/MiKTeK1/fonts/type1/public
/amsfonts/cm/cmsy10.pfb><D:/MiKTeK1/fonts/type1/public/cm-super/sfbx1000.pfb><D
:/MiKTeK1/fonts/type1/public/cm-super/sfbx1200.pfb><D:/MiKTeK1/fonts/type1/publ
ic/cm-super/sfbx1440.pfb><D:/MiKTeK1/fonts/type1/public/cm-super/sfbx2074.pfb><
D:/MiKTeK1/fonts/type1/public/cm-super/sfbx2488.pfb><D:/MiKTeK1/fonts/type1/pub
lic/cm-super/sfcc1000.pfb><D:/MiKTeK1/fonts/type1/public/cm-super/sfrm1000.pfb>
<D:/MiKTeK1/fonts/type1/public/cm-super/sftc1000.pfb><D:/MiKTeK1/fonts/type1/pu
blic/cm-super/sftt1000.pfb><D:/MiKTeK1/fonts/type1/urw/ncntrsbk/uncbi8a.pfb>
Output written on Rapport_ProjetM1.pdf (18 pages, 538313 bytes).
PDF statistics:
 363 PDF objects out of 1000 (max. 8388607)
 83 named destinations out of 1000 (max. 500000)
 306 words of extra memory for PDF output out of 10000 (max. 10000000)

